---------------------------------------------------------------
[ 2017-08-24T18:51:33+08:00 ] 127.0.0.1 127.0.0.1 GET /index/sign/per_contract.html
[ info ] wechat.tiansai.top/index/sign/per_contract.html [运行时间：0.031008s][吞吐率：32.25req/s] [内存消耗：1,956.43kb] [文件加载：49]
[ info ] [ LANG ] E:\xampp\htdocs\wechat\thinkphp\lang\zh-cn.php
[ info ] [ ROUTE ] array (
  'type' => 'module',
  'module' => 
  array (
    0 => 'index',
    1 => 'sign',
    2 => 'per_contract',
  ),
)
[ info ] [ HEADER ] array (
  'host' => 'wechat.tiansai.top',
  'connection' => 'keep-alive',
  'upgrade-insecure-requests' => '1',
  'user-agent' => 'Mozilla/5.0 (iPhone; CPU iPhone OS 9_1 like Mac OS X) AppleWebKit/601.1.46 (KHTML, like Gecko) Version/9.0 Mobile/13B143 Safari/601.1 wechatdevtools/0.22.202200 MicroMessenger/6.5.7 Language/zh_CN webview/0',
  'accept' => 'text/html,application/xhtml+xml,application/xml;q=0.9,image/webp,*/*;q=0.8',
  'accept-encoding' => 'gzip, deflate, sdch',
  'accept-language' => 'zh-CN,zh;q=0.8',
  'cookie' => 'PHPSESSID=41uth4625avh7ejdkstnjfbdp0',
)
[ info ] [ PARAM ] array (
)
[ info ] [ SESSION ] INIT array (
  'id' => '',
  'var_session_id' => '',
  'prefix' => 'think',
  'type' => '',
  'auto_start' => true,
)
[ info ] [ RUN ] app\index\controller\Sign->per_contract[ E:\xampp\htdocs\wechat\application\index\controller\Sign.php ]
[ info ] [ VIEW ] E:\xampp\htdocs\wechat\public/../application/index\view\contract\per_contract.html [ array (
) ]
[ info ] [ LOG ] INIT File
---------------------------------------------------------------
[ 2017-08-24T18:51:35+08:00 ] 127.0.0.1 127.0.0.1 GET /index/sign/myinfo
[ info ] wechat.tiansai.top/index/sign/myinfo [运行时间：0.132494s][吞吐率：7.55req/s] [内存消耗：1,903.10kb] [文件加载：49]
[ info ] [ LANG ] E:\xampp\htdocs\wechat\thinkphp\lang\zh-cn.php
[ info ] [ ROUTE ] array (
  'type' => 'module',
  'module' => 
  array (
    0 => 'index',
    1 => 'sign',
    2 => 'myinfo',
  ),
)
[ info ] [ HEADER ] array (
  'host' => 'wechat.tiansai.top',
  'connection' => 'keep-alive',
  'upgrade-insecure-requests' => '1',
  'user-agent' => 'Mozilla/5.0 (iPhone; CPU iPhone OS 9_1 like Mac OS X) AppleWebKit/601.1.46 (KHTML, like Gecko) Version/9.0 Mobile/13B143 Safari/601.1 wechatdevtools/0.22.202200 MicroMessenger/6.5.7 Language/zh_CN webview/0',
  'accept' => 'text/html,application/xhtml+xml,application/xml;q=0.9,image/webp,*/*;q=0.8',
  'referer' => 'http://wechat.tiansai.top/index/userinfo/auth',
  'accept-encoding' => 'gzip, deflate, sdch',
  'accept-language' => 'zh-CN,zh;q=0.8',
  'cookie' => 'PHPSESSID=41uth4625avh7ejdkstnjfbdp0',
)
[ info ] [ PARAM ] array (
)
[ info ] [ SESSION ] INIT array (
  'id' => '',
  'var_session_id' => '',
  'prefix' => 'think',
  'type' => '',
  'auto_start' => true,
)
[ info ] [ RUN ] app\index\controller\Sign->myinfo[ E:\xampp\htdocs\wechat\application\index\controller\Sign.php ]
[ info ] [ VIEW ] E:\xampp\htdocs\wechat\public/../application/index\view\sign\myinfo.html [ array (
  0 => 'statrinfo',
  1 => 'wx_userinfo',
) ]
[ info ] [ LOG ] INIT File
---------------------------------------------------------------
[ 2017-08-24T18:58:21+08:00 ] 127.0.0.1 127.0.0.1 GET /index/sign/agency/t/2
[ info ] wechat.tiansai.top/index/sign/agency/t/2 [运行时间：0.028193s][吞吐率：35.47req/s] [内存消耗：1,718.95kb] [文件加载：45]
[ info ] [ LANG ] E:\xampp\htdocs\wechat\thinkphp\lang\zh-cn.php
[ info ] [ ROUTE ] array (
  'type' => 'module',
  'module' => 
  array (
    0 => 'index',
    1 => 'sign',
    2 => 'agency',
  ),
)
[ info ] [ HEADER ] array (
  'host' => 'wechat.tiansai.top',
  'connection' => 'keep-alive',
  'accept' => 'text/html,application/xhtml+xml,application/xml;q=0.9,image/webp,*/*;q=0.8',
  'user-agent' => 'Mozilla/5.0 (Windows NT 6.1; WOW64) AppleWebKit/537.36 (KHTML, like Gecko) Chrome/39.0.2171.95 Safari/537.36 MicroMessenger/6.5.2.501 NetType/WIFI WindowsWechat QBCore/3.43.556.400 QQBrowser/9.0.2524.400',
  'accept-encoding' => 'gzip, deflate',
  'accept-language' => 'zh-CN,zh;q=0.8,en-us;q=0.6,en;q=0.5;q=0.4',
)
[ info ] [ PARAM ] array (
  't' => '2',
)
[ info ] [ SESSION ] INIT array (
  'id' => '',
  'var_session_id' => '',
  'prefix' => 'think',
  'type' => '',
  'auto_start' => true,
)
[ info ] [ LOG ] INIT File
---------------------------------------------------------------
[ 2017-08-24T18:58:24+08:00 ] 127.0.0.1 127.0.0.1 GET /index/userinfo/login?code=071PxC0m1GQzBi0vxQXl12js0m1PxC03&state=STATE
[ info ] wechat.tiansai.top/index/userinfo/login?code=071PxC0m1GQzBi0vxQXl12js0m1PxC03&state=STATE [运行时间：0.872959s][吞吐率：1.15req/s] [内存消耗：1,800.15kb] [文件加载：48]
[ info ] [ LANG ] E:\xampp\htdocs\wechat\thinkphp\lang\zh-cn.php
[ info ] [ ROUTE ] array (
  'type' => 'module',
  'module' => 
  array (
    0 => 'index',
    1 => 'userinfo',
    2 => 'login',
  ),
)
[ info ] [ HEADER ] array (
  'host' => 'wechat.tiansai.top',
  'connection' => 'keep-alive',
  'cache-control' => 'max-age=0',
  'accept' => 'text/html,application/xhtml+xml,application/xml;q=0.9,image/webp,*/*;q=0.8',
  'user-agent' => 'Mozilla/5.0 (Windows NT 6.1; WOW64) AppleWebKit/537.36 (KHTML, like Gecko) Chrome/39.0.2171.95 Safari/537.36 MicroMessenger/6.5.2.501 NetType/WIFI WindowsWechat QBCore/3.43.556.400 QQBrowser/9.0.2524.400',
  'accept-encoding' => 'gzip, deflate',
  'accept-language' => 'zh-CN,zh;q=0.8,en-us;q=0.6,en;q=0.5;q=0.4',
  'cookie' => 'PHPSESSID=h5r8ann06ucd07kuitt1km7cp4',
)
[ info ] [ PARAM ] array (
  'code' => '071PxC0m1GQzBi0vxQXl12js0m1PxC03',
  'state' => 'STATE',
)
[ info ] [ RUN ] app\index\controller\Userinfo->login[ E:\xampp\htdocs\wechat\application\index\controller\Userinfo.php ]
[ info ] [ SESSION ] INIT array (
  'id' => '',
  'var_session_id' => '',
  'prefix' => 'think',
  'type' => '',
  'auto_start' => true,
)
[ info ] [ LOG ] INIT File
---------------------------------------------------------------
[ 2017-08-24T18:58:24+08:00 ] 127.0.0.1 127.0.0.1 GET /index/sign/agency/t/2.html
[ info ] wechat.tiansai.top/index/sign/agency/t/2.html [运行时间：0.108737s][吞吐率：9.20req/s] [内存消耗：1,730.98kb] [文件加载：45]
[ info ] [ LANG ] E:\xampp\htdocs\wechat\thinkphp\lang\zh-cn.php
[ info ] [ ROUTE ] array (
  'type' => 'module',
  'module' => 
  array (
    0 => 'index',
    1 => 'sign',
    2 => 'agency',
  ),
)
[ info ] [ HEADER ] array (
  'host' => 'wechat.tiansai.top',
  'connection' => 'keep-alive',
  'cache-control' => 'max-age=0',
  'accept' => 'text/html,application/xhtml+xml,application/xml;q=0.9,image/webp,*/*;q=0.8',
  'user-agent' => 'Mozilla/5.0 (Windows NT 6.1; WOW64) AppleWebKit/537.36 (KHTML, like Gecko) Chrome/39.0.2171.95 Safari/537.36 MicroMessenger/6.5.2.501 NetType/WIFI WindowsWechat QBCore/3.43.556.400 QQBrowser/9.0.2524.400',
  'accept-encoding' => 'gzip, deflate',
  'accept-language' => 'zh-CN,zh;q=0.8,en-us;q=0.6,en;q=0.5;q=0.4',
  'cookie' => 'PHPSESSID=h5r8ann06ucd07kuitt1km7cp4',
)
[ info ] [ PARAM ] array (
  't' => '2',
)
[ info ] [ SESSION ] INIT array (
  'id' => '',
  'var_session_id' => '',
  'prefix' => 'think',
  'type' => '',
  'auto_start' => true,
)
[ info ] [ RUN ] app\index\controller\Sign->agency[ E:\xampp\htdocs\wechat\application\index\controller\Sign.php ]
[ info ] [ LOG ] INIT File
